<?xml version="1.0" encoding="UTF-8"?>
<testsuite xmlns:xsi="http://www.w3.org/2001/XMLSchema-instance" xsi:noNamespaceSchemaLocation="https://maven.apache.org/surefire/maven-surefire-plugin/xsd/surefire-test-report.xsd" version="3.0.1" name="log4j.AppTest" time="0.234" tests="1" errors="0" skipped="0" failures="0">
  <properties>
[...]
</properties>
  <testcase name="shouldAnswerWithTrue" classname="log4j.AppTest" time="0.221">
    <system-out><![CDATA[Processing...
2026-08-19 16:17:22,337 - log4j.App - [process] - (INFO) - info process - 
2026-08-19 16:17:22,338 - log4j.App - [process] - (ERROR) - error process - 
2026-08-19 16:17:22,338 - log4j.App - [process] - (WARN) - warn process - 
2026-08-19 16:17:22,339 - log4j.App - [process] - (DEBUG) - debug process - 
2026-08-19 16:17:22,339 - log4j.App - [process] - (FATAL) - fatal process - 
Done!
]]></system-out>
    <system-err><![CDATA[2026-08-19T10:47:22.330431Z main INFO Starting configuration XmlConfiguration[location=D:\SpringSecurity\log4j\wihtoutspringboot\log4j\target\classes\log4j2.xml, lastModified=2026-08-19T10:43:33.697Z]...
2026-08-19T10:47:22.331433100Z main INFO Configuration XmlConfiguration[location=D:\SpringSecurity\log4j\wihtoutspringboot\log4j\target\classes\log4j2.xml, lastModified=2026-08-19T10:43:33.697Z] started.
2026-08-19T10:47:22.332432600Z main INFO Stopping configuration org.apache.logging.log4j.core.config.DefaultConfiguration@a38c7fe...
2026-08-19T10:47:22.333432900Z main INFO Configuration org.apache.logging.log4j.core.config.DefaultConfiguration@a38c7fe stopped.
]]></system-err>
  </testcase>
</testsuite>